<?xml version="1.0" encoding="UTF-8"?>
<!-- Generated by org.testng.reporters.JUnitXMLReporter -->
<testsuite ignored="0" hostname="LAPTOP-SI9PCTPK" failures="0" tests="1" name="Validating navigation Bar" time="1.384" errors="0" timestamp="2020-10-31T11:30:47 IST">
  <testcase classname="Academy.validateNavigationBar" name="@BeforeTest initialize" time="1.341">
    <failure type="org.openqa.selenium.SessionNotCreatedException" message="session not created: This version of ChromeDriver only supports Chrome version 83
Build info: version: &amp;apos;3.141.59&amp;apos;, revision: &amp;apos;e82be7d358&amp;apos;, time: &amp;apos;2018-11-14T08:17:03&amp;apos;
System info: host: &amp;apos;LAPTOP-SI9PCTPK&amp;apos;, ip: &amp;apos;192.168.0.106&amp;apos;, os.name: &amp;apos;Windows 10&amp;apos;, os.arch: &amp;apos;amd64&amp;apos;, os.version: &amp;apos;10.0&amp;apos;, java.version: &amp;apos;15.0.1&amp;apos;
Driver info: driver.version: ChromeDriver
remote stacktrace: Backtrace:
	Ordinal0 [0x01149563+2725219]
	Ordinal0 [0x01048551+1672529]
	Ordinal0 [0x00F30359+525145]
	Ordinal0 [0x00EC0B77+68471]
	Ordinal0 [0x00EBD32C+54060]
	Ordinal0 [0x00EDCC37+183351]
	Ordinal0 [0x00EDCA3D+182845]
	Ordinal0 [0x00EDA94B+174411]
	Ordinal0 [0x00EC2528+75048]
	Ordinal0 [0x00EC35A0+79264]
	Ordinal0 [0x00EC3539+79161]
	Ordinal0 [0x0105D607+1758727]
	GetHandleVerifier [0x01266546+1050150]
	GetHandleVerifier [0x01266291+1049457]
	GetHandleVerifier [0x012710D7+1094071]
	GetHandleVerifier [0x01266B46+1051686]
	Ordinal0 [0x01055B06+1727238]
	Ordinal0 [0x0105EB7B+1764219]
	Ordinal0 [0x0105ECE3+1764579]
	Ordinal0 [0x01074C05+1854469]
	BaseThreadInitThunk [0x76286359+25]
	RtlGetAppContainerNamedObjectPath [0x776B7C24+228]
	RtlGetAppContainerNamedObjectPath [0x776B7BF4+180]
">
      <![CDATA[org.openqa.selenium.SessionNotCreatedException: session not created: This version of ChromeDriver only supports Chrome version 83
Build info: version: '3.141.59', revision: 'e82be7d358', time: '2018-11-14T08:17:03'
System info: host: 'LAPTOP-SI9PCTPK', ip: '192.168.0.106', os.name: 'Windows 10', os.arch: 'amd64', os.version: '10.0', java.version: '15.0.1'
Driver info: driver.version: ChromeDriver
remote stacktrace: Backtrace:
Ordinal0 [0x01149563+2725219]
Ordinal0 [0x01048551+1672529]
Ordinal0 [0x00F30359+525145]
Ordinal0 [0x00EC0B77+68471]
Ordinal0 [0x00EBD32C+54060]
Ordinal0 [0x00EDCC37+183351]
Ordinal0 [0x00EDCA3D+182845]
Ordinal0 [0x00EDA94B+174411]
Ordinal0 [0x00EC2528+75048]
Ordinal0 [0x00EC35A0+79264]
Ordinal0 [0x00EC3539+79161]
Ordinal0 [0x0105D607+1758727]
GetHandleVerifier [0x01266546+1050150]
GetHandleVerifier [0x01266291+1049457]
GetHandleVerifier [0x012710D7+1094071]
GetHandleVerifier [0x01266B46+1051686]
Ordinal0 [0x01055B06+1727238]
Ordinal0 [0x0105EB7B+1764219]
Ordinal0 [0x0105ECE3+1764579]
Ordinal0 [0x01074C05+1854469]
BaseThreadInitThunk [0x76286359+25]
RtlGetAppContainerNamedObjectPath [0x776B7C24+228]
RtlGetAppContainerNamedObjectPath [0x776B7BF4+180]

at org.openqa.selenium.remote.W3CHandshakeResponse.lambda$errorHandler$0(W3CHandshakeResponse.java:62)
at org.openqa.selenium.remote.HandshakeResponse.lambda$getResponseFunction$0(HandshakeResponse.java:30)
at org.openqa.selenium.remote.ProtocolHandshake.lambda$createSession$0(ProtocolHandshake.java:126)
at java.base/java.util.stream.ReferencePipeline$3$1.accept(ReferencePipeline.java:195)
at java.base/java.util.Spliterators$ArraySpliterator.tryAdvance(Spliterators.java:958)
at java.base/java.util.stream.ReferencePipeline.forEachWithCancel(ReferencePipeline.java:127)
at java.base/java.util.stream.AbstractPipeline.copyIntoWithCancel(AbstractPipeline.java:502)
at java.base/java.util.stream.AbstractPipeline.copyInto(AbstractPipeline.java:488)
at java.base/java.util.stream.AbstractPipeline.wrapAndCopyInto(AbstractPipeline.java:474)
at java.base/java.util.stream.FindOps$FindOp.evaluateSequential(FindOps.java:150)
at java.base/java.util.stream.AbstractPipeline.evaluate(AbstractPipeline.java:234)
at java.base/java.util.stream.ReferencePipeline.findFirst(ReferencePipeline.java:543)
at org.openqa.selenium.remote.ProtocolHandshake.createSession(ProtocolHandshake.java:128)
at org.openqa.selenium.remote.ProtocolHandshake.createSession(ProtocolHandshake.java:74)
at org.openqa.selenium.remote.HttpCommandExecutor.execute(HttpCommandExecutor.java:136)
at org.openqa.selenium.remote.service.DriverCommandExecutor.execute(DriverCommandExecutor.java:83)
at org.openqa.selenium.remote.RemoteWebDriver.execute(RemoteWebDriver.java:552)
at org.openqa.selenium.remote.RemoteWebDriver.startSession(RemoteWebDriver.java:213)
at org.openqa.selenium.remote.RemoteWebDriver.<init>(RemoteWebDriver.java:131)
at org.openqa.selenium.chrome.ChromeDriver.<init>(ChromeDriver.java:181)
at org.openqa.selenium.chrome.ChromeDriver.<init>(ChromeDriver.java:168)
at org.openqa.selenium.chrome.ChromeDriver.<init>(ChromeDriver.java:157)
at resources.base.initializeDriver(base.java:42)
at Academy.validateNavigationBar.initialize(validateNavigationBar.java:32)
... Removed 29 stack frames]]>
    </failure>
  </testcase> <!-- @BeforeTest initialize -->
  <testcase classname="Academy.validateNavigationBar" name="@AfterTest teardown" time="-1.604136647007E9">
    <skipped/>
  </testcase> <!-- @AfterTest teardown -->
  <testcase classname="Academy.validateNavigationBar" name="validateAppNavBar" time="0.0">
    <skipped/>
  </testcase> <!-- validateAppNavBar -->
</testsuite> <!-- Validating navigation Bar -->
