<?xml version="1.0" encoding="UTF-8"?>
<!-- Generated by org.testng.reporters.JUnitXMLReporter -->
<testsuite hostname="LAPTOP-SI9PCTPK" failures="1" tests="3" name="Validating" time="15.808" errors="0" timestamp="4 Nov 2020 10:27:53 GMT">
  <testcase classname="TelAvivHotel.ValidateBlogPostsPage" name="validateCenterblogPageLink" time="1.866">
    <failure type="java.lang.AssertionError" message="expected [BLOG] but found [ABOUT US]">
      <![CDATA[java.lang.AssertionError: expected [BLOG] but found [ABOUT US]
	at TelAvivHotel.ValidateBlogPostsPage.validateCenterblogPageLink(ValidateBlogPostsPage.java:49)
	at org.apache.maven.surefire.testng.TestNGExecutor.run(TestNGExecutor.java:283)
	at org.apache.maven.surefire.testng.TestNGXmlTestSuite.execute(TestNGXmlTestSuite.java:75)
	at org.apache.maven.surefire.testng.TestNGProvider.invoke(TestNGProvider.java:120)
	at org.apache.maven.surefire.booter.ForkedBooter.invokeProviderInSameClassLoader(ForkedBooter.java:386)
	at org.apache.maven.surefire.booter.ForkedBooter.runSuitesInProcess(ForkedBooter.java:323)
	at org.apache.maven.surefire.booter.ForkedBooter.main(ForkedBooter.java:143)
... Removed 26 stack frames]]>
    </failure>
  </testcase> <!-- validateCenterblogPageLink -->
  <testcase classname="TelAvivHotel.ValidateBlogPostsPage" name="validateTopblogPageLink" time="1.77"/>
  <testcase classname="TelAvivHotel.ValidateBlogPostsPage" name="validateNavblogPageLink" time="1.389"/>
</testsuite> <!-- Validating -->
