<?xml version="1.0" encoding="UTF-8"?>
<!-- Generated by org.testng.reporters.JUnitXMLReporter -->
<testsuite hostname="LAPTOP-SI9PCTPK" failures="0" tests="1" name="Validating navigation Bar" time="4.315" errors="0" timestamp="30 Oct 2020 16:06:56 GMT">
  <testcase classname="Academy.validateNavigationBar" name="@BeforeTest initialize" time="0.0">
    <failure type="org.openqa.selenium.SessionNotCreatedException" message="session not created: This version of ChromeDriver only supports Chrome version 83
Build info: version: &amp;apos;3.141.59&amp;apos;, revision: &amp;apos;e82be7d358&amp;apos;, time: &amp;apos;2018-11-14T08:17:03&amp;apos;
System info: host: &amp;apos;LAPTOP-SI9PCTPK&amp;apos;, ip: &amp;apos;192.168.0.106&amp;apos;, os.name: &amp;apos;Windows 10&amp;apos;, os.arch: &amp;apos;amd64&amp;apos;, os.version: &amp;apos;10.0&amp;apos;, java.version: &amp;apos;15.0.1&amp;apos;
Driver info: driver.version: ChromeDriver
remote stacktrace: Backtrace:
	Ordinal0 [0x00EC9563+2725219]
	Ordinal0 [0x00DC8551+1672529]
	Ordinal0 [0x00CB0359+525145]
	Ordinal0 [0x00C40B77+68471]
	Ordinal0 [0x00C3D32C+54060]
	Ordinal0 [0x00C5CC37+183351]
	Ordinal0 [0x00C5CA3D+182845]
	Ordinal0 [0x00C5A94B+174411]
	Ordinal0 [0x00C42528+75048]
	Ordinal0 [0x00C435A0+79264]
	Ordinal0 [0x00C43539+79161]
	Ordinal0 [0x00DDD607+1758727]
	GetHandleVerifier [0x00FE6546+1050150]
	GetHandleVerifier [0x00FE6291+1049457]
	GetHandleVerifier [0x00FF10D7+1094071]
	GetHandleVerifier [0x00FE6B46+1051686]
	Ordinal0 [0x00DD5B06+1727238]
	Ordinal0 [0x00DDEB7B+1764219]
	Ordinal0 [0x00DDECE3+1764579]
	Ordinal0 [0x00DF4C05+1854469]
	BaseThreadInitThunk [0x76286359+25]
	RtlGetAppContainerNamedObjectPath [0x776B7C24+228]
	RtlGetAppContainerNamedObjectPath [0x776B7BF4+180]
">
      <![CDATA[org.openqa.selenium.SessionNotCreatedException: session not created: This version of ChromeDriver only supports Chrome version 83
Build info: version: '3.141.59', revision: 'e82be7d358', time: '2018-11-14T08:17:03'
System info: host: 'LAPTOP-SI9PCTPK', ip: '192.168.0.106', os.name: 'Windows 10', os.arch: 'amd64', os.version: '10.0', java.version: '15.0.1'
Driver info: driver.version: ChromeDriver
remote stacktrace: Backtrace:
	Ordinal0 [0x00EC9563+2725219]
	Ordinal0 [0x00DC8551+1672529]
	Ordinal0 [0x00CB0359+525145]
	Ordinal0 [0x00C40B77+68471]
	Ordinal0 [0x00C3D32C+54060]
	Ordinal0 [0x00C5CC37+183351]
	Ordinal0 [0x00C5CA3D+182845]
	Ordinal0 [0x00C5A94B+174411]
	Ordinal0 [0x00C42528+75048]
	Ordinal0 [0x00C435A0+79264]
	Ordinal0 [0x00C43539+79161]
	Ordinal0 [0x00DDD607+1758727]
	GetHandleVerifier [0x00FE6546+1050150]
	GetHandleVerifier [0x00FE6291+1049457]
	GetHandleVerifier [0x00FF10D7+1094071]
	GetHandleVerifier [0x00FE6B46+1051686]
	Ordinal0 [0x00DD5B06+1727238]
	Ordinal0 [0x00DDEB7B+1764219]
	Ordinal0 [0x00DDECE3+1764579]
	Ordinal0 [0x00DF4C05+1854469]
	BaseThreadInitThunk [0x76286359+25]
	RtlGetAppContainerNamedObjectPath [0x776B7C24+228]
	RtlGetAppContainerNamedObjectPath [0x776B7BF4+180]

	at org.openqa.selenium.remote.W3CHandshakeResponse.lambda$errorHandler$0(W3CHandshakeResponse.java:62)
	at org.openqa.selenium.remote.HandshakeResponse.lambda$getResponseFunction$0(HandshakeResponse.java:30)
	at org.openqa.selenium.remote.ProtocolHandshake.lambda$createSession$0(ProtocolHandshake.java:126)
	at java.base/java.util.stream.ReferencePipeline$3$1.accept(ReferencePipeline.java:195)
	at java.base/java.util.Spliterators$ArraySpliterator.tryAdvance(Spliterators.java:958)
	at java.base/java.util.stream.ReferencePipeline.forEachWithCancel(ReferencePipeline.java:127)
	at java.base/java.util.stream.AbstractPipeline.copyIntoWithCancel(AbstractPipeline.java:502)
	at java.base/java.util.stream.AbstractPipeline.copyInto(AbstractPipeline.java:488)
	at java.base/java.util.stream.AbstractPipeline.wrapAndCopyInto(AbstractPipeline.java:474)
	at java.base/java.util.stream.FindOps$FindOp.evaluateSequential(FindOps.java:150)
	at java.base/java.util.stream.AbstractPipeline.evaluate(AbstractPipeline.java:234)
	at java.base/java.util.stream.ReferencePipeline.findFirst(ReferencePipeline.java:543)
	at org.openqa.selenium.remote.ProtocolHandshake.createSession(ProtocolHandshake.java:128)
	at org.openqa.selenium.remote.ProtocolHandshake.createSession(ProtocolHandshake.java:74)
	at org.openqa.selenium.remote.HttpCommandExecutor.execute(HttpCommandExecutor.java:136)
	at org.openqa.selenium.remote.service.DriverCommandExecutor.execute(DriverCommandExecutor.java:83)
	at org.openqa.selenium.remote.RemoteWebDriver.execute(RemoteWebDriver.java:552)
	at org.openqa.selenium.remote.RemoteWebDriver.startSession(RemoteWebDriver.java:213)
	at org.openqa.selenium.remote.RemoteWebDriver.<init>(RemoteWebDriver.java:131)
	at org.openqa.selenium.chrome.ChromeDriver.<init>(ChromeDriver.java:181)
	at org.openqa.selenium.chrome.ChromeDriver.<init>(ChromeDriver.java:168)
	at org.openqa.selenium.chrome.ChromeDriver.<init>(ChromeDriver.java:157)
	at resources.base.initializeDriver(base.java:42)
	at Academy.validateNavigationBar.initialize(validateNavigationBar.java:32)
	at java.base/java.util.concurrent.FutureTask.run(FutureTask.java:264)
	at java.base/java.util.concurrent.ThreadPoolExecutor.runWorker(ThreadPoolExecutor.java:1130)
	at java.base/java.util.concurrent.ThreadPoolExecutor$Worker.run(ThreadPoolExecutor.java:630)
	at java.base/java.lang.Thread.run(Thread.java:832)
... Removed 19 stack frames]]>
    </failure>
  </testcase> <!-- @BeforeTest initialize -->
  <testcase classname="Academy.validateNavigationBar" name="@AfterTest teardown" time="0.0">
    <skipped/>
  </testcase> <!-- @AfterTest teardown -->
  <testcase classname="Academy.validateNavigationBar" name="validateAppNavBar" time="0.28">
    <skipped/>
  </testcase> <!-- validateAppNavBar -->
</testsuite> <!-- Validating navigation Bar -->
