<?xml version="1.0" encoding="UTF-8"?>
<testng-results total="3" passed="2" failed="1" skipped="0">
  <reporter-output>
  </reporter-output>
  <suite started-at="2020-11-04T10:27:37Z" name="Suite" finished-at="2020-11-04T10:27:53Z" duration-ms="15808">
    <groups>
    </groups>
    <test started-at="2020-11-04T10:27:37Z" name="Validating" finished-at="2020-11-04T10:27:53Z" duration-ms="15808">
      <class name="TelAvivHotel.ValidateBlogPostsPage">
        <test-method is-config="true" signature="initialize()[pri:0, instance:TelAvivHotel.ValidateBlogPostsPage@4f5991f6]" started-at="2020-11-04T12:27:37Z" name="initialize" finished-at="2020-11-04T12:27:46Z" duration-ms="9484" status="PASS">
          <reporter-output>
          </reporter-output>
        </test-method> <!-- initialize -->
        <test-method signature="validateCenterblogPageLink()[pri:0, instance:TelAvivHotel.ValidateBlogPostsPage@4f5991f6]" started-at="2020-11-04T12:27:46Z" name="validateCenterblogPageLink" finished-at="2020-11-04T12:27:48Z" duration-ms="1866" status="FAIL">
          <exception class="java.lang.AssertionError">
            <message>
              <![CDATA[expected [BLOG] but found [ABOUT US]]]>
            </message>
            <full-stacktrace>
              <![CDATA[java.lang.AssertionError: expected [BLOG] but found [ABOUT US]
	at org.testng.Assert.fail(Assert.java:94)
	at org.testng.Assert.failNotEquals(Assert.java:494)
	at org.testng.Assert.assertEquals(Assert.java:123)
	at org.testng.Assert.assertEquals(Assert.java:176)
	at org.testng.Assert.assertEquals(Assert.java:186)
	at TelAvivHotel.ValidateBlogPostsPage.validateCenterblogPageLink(ValidateBlogPostsPage.java:49)
	at java.base/jdk.internal.reflect.NativeMethodAccessorImpl.invoke0(Native Method)
	at java.base/jdk.internal.reflect.NativeMethodAccessorImpl.invoke(NativeMethodAccessorImpl.java:64)
	at java.base/jdk.internal.reflect.DelegatingMethodAccessorImpl.invoke(DelegatingMethodAccessorImpl.java:43)
	at java.base/java.lang.reflect.Method.invoke(Method.java:564)
	at org.testng.internal.MethodInvocationHelper.invokeMethod(MethodInvocationHelper.java:80)
	at org.testng.internal.Invoker.invokeMethod(Invoker.java:714)
	at org.testng.internal.Invoker.invokeTestMethod(Invoker.java:901)
	at org.testng.internal.Invoker.invokeTestMethods(Invoker.java:1231)
	at org.testng.internal.TestMethodWorker.invokeTestMethods(TestMethodWorker.java:127)
	at org.testng.internal.TestMethodWorker.run(TestMethodWorker.java:111)
	at org.testng.TestRunner.privateRun(TestRunner.java:767)
	at org.testng.TestRunner.run(TestRunner.java:617)
	at org.testng.SuiteRunner.runTest(SuiteRunner.java:334)
	at org.testng.SuiteRunner.runSequentially(SuiteRunner.java:329)
	at org.testng.SuiteRunner.privateRun(SuiteRunner.java:291)
	at org.testng.SuiteRunner.run(SuiteRunner.java:240)
	at org.testng.SuiteRunnerWorker.runSuite(SuiteRunnerWorker.java:52)
	at org.testng.SuiteRunnerWorker.run(SuiteRunnerWorker.java:86)
	at org.testng.TestNG.runSuitesSequentially(TestNG.java:1198)
	at org.testng.TestNG.runSuitesLocally(TestNG.java:1123)
	at org.testng.TestNG.run(TestNG.java:1031)
	at org.apache.maven.surefire.testng.TestNGExecutor.run(TestNGExecutor.java:283)
	at org.apache.maven.surefire.testng.TestNGXmlTestSuite.execute(TestNGXmlTestSuite.java:75)
	at org.apache.maven.surefire.testng.TestNGProvider.invoke(TestNGProvider.java:120)
	at org.apache.maven.surefire.booter.ForkedBooter.invokeProviderInSameClassLoader(ForkedBooter.java:386)
	at org.apache.maven.surefire.booter.ForkedBooter.runSuitesInProcess(ForkedBooter.java:323)
	at org.apache.maven.surefire.booter.ForkedBooter.main(ForkedBooter.java:143)
]]>
            </full-stacktrace>
          </exception> <!-- java.lang.AssertionError -->
          <reporter-output>
          </reporter-output>
        </test-method> <!-- validateCenterblogPageLink -->
        <test-method signature="validateTopblogPageLink()[pri:0, instance:TelAvivHotel.ValidateBlogPostsPage@4f5991f6]" started-at="2020-11-04T12:27:49Z" name="validateTopblogPageLink" finished-at="2020-11-04T12:27:51Z" duration-ms="1770" status="PASS">
          <reporter-output>
          </reporter-output>
        </test-method> <!-- validateTopblogPageLink -->
        <test-method signature="validateNavblogPageLink()[pri:0, instance:TelAvivHotel.ValidateBlogPostsPage@4f5991f6]" started-at="2020-11-04T12:27:51Z" name="validateNavblogPageLink" finished-at="2020-11-04T12:27:53Z" duration-ms="1389" status="PASS">
          <reporter-output>
          </reporter-output>
        </test-method> <!-- validateNavblogPageLink -->
        <test-method is-config="true" signature="teardown()[pri:0, instance:TelAvivHotel.ValidateBlogPostsPage@4f5991f6]" started-at="2020-11-04T12:27:53Z" name="teardown" finished-at="2020-11-04T12:27:53Z" duration-ms="160" status="PASS">
          <reporter-output>
          </reporter-output>
        </test-method> <!-- teardown -->
      </class> <!-- TelAvivHotel.ValidateBlogPostsPage -->
    </test> <!-- Validating -->
  </suite> <!-- Suite -->
</testng-results>
