<?xml version="1.0" encoding="UTF-8"?>
<!-- Generated by org.testng.reporters.JUnitReportReporter -->
<testsuite hostname="LAPTOP-SI9PCTPK" failures="0" tests="7" name="TelAvivHotel.ValidateContactUsPage" time="13.978" errors="1" timestamp="2020-11-05T12:15:49 IST" skipped="6">
  <testcase classname="TelAvivHotel.ValidateContactUsPage" name="validateContactUsForm" time="0.000">
    <skipped/>
  </testcase> <!-- validateContactUsForm -->
  <system-out/>
  <testcase classname="TelAvivHotel.ValidateContactUsPage" name="validateContactUsFormInvaildEmail" time="0.000">
    <skipped/>
  </testcase> <!-- validateContactUsFormInvaildEmail -->
  <system-out/>
  <testcase classname="TelAvivHotel.ValidateContactUsPage" name="validateBottomContactUsPageLink" time="0.000">
    <skipped/>
  </testcase> <!-- validateBottomContactUsPageLink -->
  <system-out/>
  <testcase classname="TelAvivHotel.ValidateContactUsPage" name="validateContactUsFormRequiredFieldsEmail" time="0.000">
    <skipped/>
  </testcase> <!-- validateContactUsFormRequiredFieldsEmail -->
  <system-out/>
  <testcase classname="TelAvivHotel.ValidateContactUsPage" name="initialize" time="13.978">
    <error message="session not created
from chrome not reachable
  (Session info: chrome=86.0.4240.111)
Build info: version: &#039;3.141.59&#039;, revision: &#039;e82be7d358&#039;, time: &#039;2018-11-14T08:17:03&#039;
System info: host: &#039;LAPTOP-SI9PCTPK&#039;, ip: &#039;192.168.0.106&#039;, os.name: &#039;Windows 10&#039;, os.arch: &#039;amd64&#039;, os.version: &#039;10.0&#039;, java.version: &#039;15.0.1&#039;
Driver info: driver.version: ChromeDriver
remote stacktrace: Backtrace:
	Ordinal0 [0x0083C013+3194899]
	Ordinal0 [0x00726021+2056225]
	Ordinal0 [0x005BF4B0+586928]
	Ordinal0 [0x005B5894+546964]
	Ordinal0 [0x005B5F2C+548652]
	Ordinal0 [0x005B7175+553333]
	Ordinal0 [0x005B241E+533534]
	Ordinal0 [0x005C0620+591392]
	Ordinal0 [0x00562A0C+207372]
	Ordinal0 [0x00561D0D+204045]
	Ordinal0 [0x0055FC1B+195611]
	Ordinal0 [0x00543B7F+80767]
	Ordinal0 [0x00544B4E+84814]
	Ordinal0 [0x00544AD9+84697]
	Ordinal0 [0x0073CE64+2149988]
	GetHandleVerifier [0x009ABE95+1400773]
	GetHandleVerifier [0x009ABB61+1399953]
	GetHandleVerifier [0x009B31FA+1430314]
	GetHandleVerifier [0x009AC69F+1402831]
	Ordinal0 [0x00733D61+2112865]
	Ordinal0 [0x0073E5CB+2155979]
	Ordinal0 [0x0073E6F5+2156277]
	Ordinal0 [0x0074F26E+2224750]
	BaseThreadInitThunk [0x76286359+25]
	RtlGetAppContainerNamedObjectPath [0x776B7C24+228]
	RtlGetAppContainerNamedObjectPath [0x776B7BF4+180]
" type="org.openqa.selenium.SessionNotCreatedException">
      <![CDATA[org.openqa.selenium.SessionNotCreatedException: session not created
from chrome not reachable
  (Session info: chrome=86.0.4240.111)
Build info: version: '3.141.59', revision: 'e82be7d358', time: '2018-11-14T08:17:03'
System info: host: 'LAPTOP-SI9PCTPK', ip: '192.168.0.106', os.name: 'Windows 10', os.arch: 'amd64', os.version: '10.0', java.version: '15.0.1'
Driver info: driver.version: ChromeDriver
remote stacktrace: Backtrace:
Ordinal0 [0x0083C013+3194899]
Ordinal0 [0x00726021+2056225]
Ordinal0 [0x005BF4B0+586928]
Ordinal0 [0x005B5894+546964]
Ordinal0 [0x005B5F2C+548652]
Ordinal0 [0x005B7175+553333]
Ordinal0 [0x005B241E+533534]
Ordinal0 [0x005C0620+591392]
Ordinal0 [0x00562A0C+207372]
Ordinal0 [0x00561D0D+204045]
Ordinal0 [0x0055FC1B+195611]
Ordinal0 [0x00543B7F+80767]
Ordinal0 [0x00544B4E+84814]
Ordinal0 [0x00544AD9+84697]
Ordinal0 [0x0073CE64+2149988]
GetHandleVerifier [0x009ABE95+1400773]
GetHandleVerifier [0x009ABB61+1399953]
GetHandleVerifier [0x009B31FA+1430314]
GetHandleVerifier [0x009AC69F+1402831]
Ordinal0 [0x00733D61+2112865]
Ordinal0 [0x0073E5CB+2155979]
Ordinal0 [0x0073E6F5+2156277]
Ordinal0 [0x0074F26E+2224750]
BaseThreadInitThunk [0x76286359+25]
RtlGetAppContainerNamedObjectPath [0x776B7C24+228]
RtlGetAppContainerNamedObjectPath [0x776B7BF4+180]

at java.base/jdk.internal.reflect.NativeConstructorAccessorImpl.newInstance0(Native Method)
at java.base/jdk.internal.reflect.NativeConstructorAccessorImpl.newInstance(NativeConstructorAccessorImpl.java:64)
at java.base/jdk.internal.reflect.DelegatingConstructorAccessorImpl.newInstance(DelegatingConstructorAccessorImpl.java:45)
at java.base/java.lang.reflect.Constructor.newInstanceWithCaller(Constructor.java:500)
at java.base/java.lang.reflect.Constructor.newInstance(Constructor.java:481)
at org.openqa.selenium.remote.W3CHandshakeResponse.lambda$errorHandler$0(W3CHandshakeResponse.java:62)
at org.openqa.selenium.remote.HandshakeResponse.lambda$getResponseFunction$0(HandshakeResponse.java:30)
at org.openqa.selenium.remote.ProtocolHandshake.lambda$createSession$0(ProtocolHandshake.java:126)
at java.base/java.util.stream.ReferencePipeline$3$1.accept(ReferencePipeline.java:195)
at java.base/java.util.Spliterators$ArraySpliterator.tryAdvance(Spliterators.java:958)
at java.base/java.util.stream.ReferencePipeline.forEachWithCancel(ReferencePipeline.java:127)
at java.base/java.util.stream.AbstractPipeline.copyIntoWithCancel(AbstractPipeline.java:502)
at java.base/java.util.stream.AbstractPipeline.copyInto(AbstractPipeline.java:488)
at java.base/java.util.stream.AbstractPipeline.wrapAndCopyInto(AbstractPipeline.java:474)
at java.base/java.util.stream.FindOps$FindOp.evaluateSequential(FindOps.java:150)
at java.base/java.util.stream.AbstractPipeline.evaluate(AbstractPipeline.java:234)
at java.base/java.util.stream.ReferencePipeline.findFirst(ReferencePipeline.java:543)
at org.openqa.selenium.remote.ProtocolHandshake.createSession(ProtocolHandshake.java:128)
at org.openqa.selenium.remote.ProtocolHandshake.createSession(ProtocolHandshake.java:74)
at org.openqa.selenium.remote.HttpCommandExecutor.execute(HttpCommandExecutor.java:136)
at org.openqa.selenium.remote.service.DriverCommandExecutor.execute(DriverCommandExecutor.java:83)
at org.openqa.selenium.remote.RemoteWebDriver.execute(RemoteWebDriver.java:552)
at org.openqa.selenium.remote.RemoteWebDriver.startSession(RemoteWebDriver.java:213)
at org.openqa.selenium.remote.RemoteWebDriver.<init>(RemoteWebDriver.java:131)
at org.openqa.selenium.chrome.ChromeDriver.<init>(ChromeDriver.java:181)
at org.openqa.selenium.chrome.ChromeDriver.<init>(ChromeDriver.java:168)
at org.openqa.selenium.chrome.ChromeDriver.<init>(ChromeDriver.java:157)
at resources.base.initializeDriver(base.java:49)
at TelAvivHotel.ValidateContactUsPage.initialize(ValidateContactUsPage.java:34)
at java.base/jdk.internal.reflect.NativeMethodAccessorImpl.invoke0(Native Method)
at java.base/jdk.internal.reflect.NativeMethodAccessorImpl.invoke(NativeMethodAccessorImpl.java:64)
at java.base/jdk.internal.reflect.DelegatingMethodAccessorImpl.invoke(DelegatingMethodAccessorImpl.java:43)
at java.base/java.lang.reflect.Method.invoke(Method.java:564)
at org.testng.internal.MethodInvocationHelper.invokeMethod(MethodInvocationHelper.java:132)
at org.testng.internal.MethodInvocationHelper.invokeMethodConsideringTimeout(MethodInvocationHelper.java:61)
at org.testng.internal.ConfigInvoker.invokeConfigurationMethod(ConfigInvoker.java:366)
at org.testng.internal.ConfigInvoker.invokeConfigurations(ConfigInvoker.java:320)
at org.testng.TestRunner.invokeTestConfigurations(TestRunner.java:617)
at org.testng.TestRunner.beforeRun(TestRunner.java:607)
at org.testng.TestRunner.run(TestRunner.java:578)
at org.testng.SuiteRunner.runTest(SuiteRunner.java:384)
at org.testng.SuiteRunner.runSequentially(SuiteRunner.java:378)
at org.testng.SuiteRunner.privateRun(SuiteRunner.java:337)
at org.testng.SuiteRunner.run(SuiteRunner.java:286)
at org.testng.SuiteRunnerWorker.runSuite(SuiteRunnerWorker.java:53)
at org.testng.SuiteRunnerWorker.run(SuiteRunnerWorker.java:96)
at org.testng.TestNG.runSuitesSequentially(TestNG.java:1218)
at org.testng.TestNG.runSuitesLocally(TestNG.java:1140)
at org.testng.TestNG.runSuites(TestNG.java:1069)
at org.testng.TestNG.run(TestNG.java:1037)
at org.testng.remote.AbstractRemoteTestNG.run(AbstractRemoteTestNG.java:115)
at org.testng.remote.RemoteTestNG.initAndRun(RemoteTestNG.java:251)
at org.testng.remote.RemoteTestNG.main(RemoteTestNG.java:77)
]]>
    </error>
  </testcase> <!-- initialize -->
  <system-out/>
  <testcase classname="TelAvivHotel.ValidateContactUsPage" name="validateContactUsFormRequiredFieldsName" time="0.000">
    <skipped/>
  </testcase> <!-- validateContactUsFormRequiredFieldsName -->
  <system-out/>
  <testcase classname="TelAvivHotel.ValidateContactUsPage" name="validateTopContactUsPageLink" time="0.000">
    <skipped/>
  </testcase> <!-- validateTopContactUsPageLink -->
  <system-out/>
</testsuite> <!-- TelAvivHotel.ValidateContactUsPage -->
