<?xml version="1.0" encoding="UTF-8"?>
<!-- Generated by org.testng.reporters.JUnitReportReporter -->
<testsuite hostname="LAPTOP-SI9PCTPK" failures="2" tests="2" name="Academy.validateTitle" time="0.038" errors="0" timestamp="30 Oct 2020 16:06:56 GMT">
  <testcase classname="Academy.validateTitle" name="validateHeader" time="0.000">
    <failure message="session not created: This version of ChromeDriver only supports Chrome version 83
Build info: version: &#039;3.141.59&#039;, revision: &#039;e82be7d358&#039;, time: &#039;2018-11-14T08:17:03&#039;
System info: host: &#039;LAPTOP-SI9PCTPK&#039;, ip: &#039;192.168.0.106&#039;, os.name: &#039;Windows 10&#039;, os.arch: &#039;amd64&#039;, os.version: &#039;10.0&#039;, java.version: &#039;15.0.1&#039;
Driver info: driver.version: ChromeDriver
remote stacktrace: Backtrace:
	Ordinal0 [0x00EC9563+2725219]
	Ordinal0 [0x00DC8551+1672529]
	Ordinal0 [0x00CB0359+525145]
	Ordinal0 [0x00C40B77+68471]
	Ordinal0 [0x00C3D32C+54060]
	Ordinal0 [0x00C5CC37+183351]
	Ordinal0 [0x00C5CA3D+182845]
	Ordinal0 [0x00C5A94B+174411]
	Ordinal0 [0x00C42528+75048]
	Ordinal0 [0x00C435A0+79264]
	Ordinal0 [0x00C43539+79161]
	Ordinal0 [0x00DDD607+1758727]
	GetHandleVerifier [0x00FE6546+1050150]
	GetHandleVerifier [0x00FE6291+1049457]
	GetHandleVerifier [0x00FF10D7+1094071]
	GetHandleVerifier [0x00FE6B46+1051686]
	Ordinal0 [0x00DD5B06+1727238]
	Ordinal0 [0x00DDEB7B+1764219]
	Ordinal0 [0x00DDECE3+1764579]
	Ordinal0 [0x00DF4C05+1854469]
	BaseThreadInitThunk [0x76286359+25]
	RtlGetAppContainerNamedObjectPath [0x776B7C24+228]
	RtlGetAppContainerNamedObjectPath [0x776B7BF4+180]
" type="org.openqa.selenium.SessionNotCreatedException">
      <![CDATA[org.openqa.selenium.SessionNotCreatedException: session not created: This version of ChromeDriver only supports Chrome version 83
Build info: version: '3.141.59', revision: 'e82be7d358', time: '2018-11-14T08:17:03'
System info: host: 'LAPTOP-SI9PCTPK', ip: '192.168.0.106', os.name: 'Windows 10', os.arch: 'amd64', os.version: '10.0', java.version: '15.0.1'
Driver info: driver.version: ChromeDriver
remote stacktrace: Backtrace:
	Ordinal0 [0x00EC9563+2725219]
	Ordinal0 [0x00DC8551+1672529]
	Ordinal0 [0x00CB0359+525145]
	Ordinal0 [0x00C40B77+68471]
	Ordinal0 [0x00C3D32C+54060]
	Ordinal0 [0x00C5CC37+183351]
	Ordinal0 [0x00C5CA3D+182845]
	Ordinal0 [0x00C5A94B+174411]
	Ordinal0 [0x00C42528+75048]
	Ordinal0 [0x00C435A0+79264]
	Ordinal0 [0x00C43539+79161]
	Ordinal0 [0x00DDD607+1758727]
	GetHandleVerifier [0x00FE6546+1050150]
	GetHandleVerifier [0x00FE6291+1049457]
	GetHandleVerifier [0x00FF10D7+1094071]
	GetHandleVerifier [0x00FE6B46+1051686]
	Ordinal0 [0x00DD5B06+1727238]
	Ordinal0 [0x00DDEB7B+1764219]
	Ordinal0 [0x00DDECE3+1764579]
	Ordinal0 [0x00DF4C05+1854469]
	BaseThreadInitThunk [0x76286359+25]
	RtlGetAppContainerNamedObjectPath [0x776B7C24+228]
	RtlGetAppContainerNamedObjectPath [0x776B7BF4+180]

	at java.base/jdk.internal.reflect.NativeConstructorAccessorImpl.newInstance0(Native Method)
	at java.base/jdk.internal.reflect.NativeConstructorAccessorImpl.newInstance(NativeConstructorAccessorImpl.java:64)
	at java.base/jdk.internal.reflect.DelegatingConstructorAccessorImpl.newInstance(DelegatingConstructorAccessorImpl.java:45)
	at java.base/java.lang.reflect.Constructor.newInstanceWithCaller(Constructor.java:500)
	at java.base/java.lang.reflect.Constructor.newInstance(Constructor.java:481)
	at org.openqa.selenium.remote.W3CHandshakeResponse.lambda$errorHandler$0(W3CHandshakeResponse.java:62)
	at org.openqa.selenium.remote.HandshakeResponse.lambda$getResponseFunction$0(HandshakeResponse.java:30)
	at org.openqa.selenium.remote.ProtocolHandshake.lambda$createSession$0(ProtocolHandshake.java:126)
	at java.base/java.util.stream.ReferencePipeline$3$1.accept(ReferencePipeline.java:195)
	at java.base/java.util.Spliterators$ArraySpliterator.tryAdvance(Spliterators.java:958)
	at java.base/java.util.stream.ReferencePipeline.forEachWithCancel(ReferencePipeline.java:127)
	at java.base/java.util.stream.AbstractPipeline.copyIntoWithCancel(AbstractPipeline.java:502)
	at java.base/java.util.stream.AbstractPipeline.copyInto(AbstractPipeline.java:488)
	at java.base/java.util.stream.AbstractPipeline.wrapAndCopyInto(AbstractPipeline.java:474)
	at java.base/java.util.stream.FindOps$FindOp.evaluateSequential(FindOps.java:150)
	at java.base/java.util.stream.AbstractPipeline.evaluate(AbstractPipeline.java:234)
	at java.base/java.util.stream.ReferencePipeline.findFirst(ReferencePipeline.java:543)
	at org.openqa.selenium.remote.ProtocolHandshake.createSession(ProtocolHandshake.java:128)
	at org.openqa.selenium.remote.ProtocolHandshake.createSession(ProtocolHandshake.java:74)
	at org.openqa.selenium.remote.HttpCommandExecutor.execute(HttpCommandExecutor.java:136)
	at org.openqa.selenium.remote.service.DriverCommandExecutor.execute(DriverCommandExecutor.java:83)
	at org.openqa.selenium.remote.RemoteWebDriver.execute(RemoteWebDriver.java:552)
	at org.openqa.selenium.remote.RemoteWebDriver.startSession(RemoteWebDriver.java:213)
	at org.openqa.selenium.remote.RemoteWebDriver.<init>(RemoteWebDriver.java:131)
	at org.openqa.selenium.chrome.ChromeDriver.<init>(ChromeDriver.java:181)
	at org.openqa.selenium.chrome.ChromeDriver.<init>(ChromeDriver.java:168)
	at org.openqa.selenium.chrome.ChromeDriver.<init>(ChromeDriver.java:157)
	at resources.base.initializeDriver(base.java:42)
	at Academy.validateNavigationBar.initialize(validateNavigationBar.java:32)
	at java.base/jdk.internal.reflect.NativeMethodAccessorImpl.invoke0(Native Method)
	at java.base/jdk.internal.reflect.NativeMethodAccessorImpl.invoke(NativeMethodAccessorImpl.java:64)
	at java.base/jdk.internal.reflect.DelegatingMethodAccessorImpl.invoke(DelegatingMethodAccessorImpl.java:43)
	at java.base/java.lang.reflect.Method.invoke(Method.java:564)
	at org.testng.internal.MethodInvocationHelper.invokeMethod(MethodInvocationHelper.java:80)
	at org.testng.internal.Invoker.invokeConfigurationMethod(Invoker.java:564)
	at org.testng.internal.Invoker.invokeConfigurations(Invoker.java:213)
	at org.testng.internal.Invoker.invokeConfigurations(Invoker.java:138)
	at org.testng.TestRunner.beforeRun(TestRunner.java:641)
	at org.testng.TestRunner.run(TestRunner.java:609)
	at org.testng.SuiteRunner.runTest(SuiteRunner.java:334)
	at org.testng.SuiteRunner.access$000(SuiteRunner.java:37)
	at org.testng.SuiteRunner$SuiteWorker.run(SuiteRunner.java:368)
	at org.testng.internal.thread.ThreadUtil$2.call(ThreadUtil.java:64)
	at java.base/java.util.concurrent.FutureTask.run(FutureTask.java:264)
	at java.base/java.util.concurrent.ThreadPoolExecutor.runWorker(ThreadPoolExecutor.java:1130)
	at java.base/java.util.concurrent.ThreadPoolExecutor$Worker.run(ThreadPoolExecutor.java:630)
	at java.base/java.lang.Thread.run(Thread.java:832)
]]>
    </failure>
  </testcase> <!-- validateHeader -->
  <testcase classname="Academy.validateTitle" name="validateAppTitle" time="0.038">
    <failure message="session not created: This version of ChromeDriver only supports Chrome version 83
Build info: version: &#039;3.141.59&#039;, revision: &#039;e82be7d358&#039;, time: &#039;2018-11-14T08:17:03&#039;
System info: host: &#039;LAPTOP-SI9PCTPK&#039;, ip: &#039;192.168.0.106&#039;, os.name: &#039;Windows 10&#039;, os.arch: &#039;amd64&#039;, os.version: &#039;10.0&#039;, java.version: &#039;15.0.1&#039;
Driver info: driver.version: ChromeDriver
remote stacktrace: Backtrace:
	Ordinal0 [0x00EC9563+2725219]
	Ordinal0 [0x00DC8551+1672529]
	Ordinal0 [0x00CB0359+525145]
	Ordinal0 [0x00C40B77+68471]
	Ordinal0 [0x00C3D32C+54060]
	Ordinal0 [0x00C5CC37+183351]
	Ordinal0 [0x00C5CA3D+182845]
	Ordinal0 [0x00C5A94B+174411]
	Ordinal0 [0x00C42528+75048]
	Ordinal0 [0x00C435A0+79264]
	Ordinal0 [0x00C43539+79161]
	Ordinal0 [0x00DDD607+1758727]
	GetHandleVerifier [0x00FE6546+1050150]
	GetHandleVerifier [0x00FE6291+1049457]
	GetHandleVerifier [0x00FF10D7+1094071]
	GetHandleVerifier [0x00FE6B46+1051686]
	Ordinal0 [0x00DD5B06+1727238]
	Ordinal0 [0x00DDEB7B+1764219]
	Ordinal0 [0x00DDECE3+1764579]
	Ordinal0 [0x00DF4C05+1854469]
	BaseThreadInitThunk [0x76286359+25]
	RtlGetAppContainerNamedObjectPath [0x776B7C24+228]
	RtlGetAppContainerNamedObjectPath [0x776B7BF4+180]
" type="org.openqa.selenium.SessionNotCreatedException">
      <![CDATA[org.openqa.selenium.SessionNotCreatedException: session not created: This version of ChromeDriver only supports Chrome version 83
Build info: version: '3.141.59', revision: 'e82be7d358', time: '2018-11-14T08:17:03'
System info: host: 'LAPTOP-SI9PCTPK', ip: '192.168.0.106', os.name: 'Windows 10', os.arch: 'amd64', os.version: '10.0', java.version: '15.0.1'
Driver info: driver.version: ChromeDriver
remote stacktrace: Backtrace:
	Ordinal0 [0x00EC9563+2725219]
	Ordinal0 [0x00DC8551+1672529]
	Ordinal0 [0x00CB0359+525145]
	Ordinal0 [0x00C40B77+68471]
	Ordinal0 [0x00C3D32C+54060]
	Ordinal0 [0x00C5CC37+183351]
	Ordinal0 [0x00C5CA3D+182845]
	Ordinal0 [0x00C5A94B+174411]
	Ordinal0 [0x00C42528+75048]
	Ordinal0 [0x00C435A0+79264]
	Ordinal0 [0x00C43539+79161]
	Ordinal0 [0x00DDD607+1758727]
	GetHandleVerifier [0x00FE6546+1050150]
	GetHandleVerifier [0x00FE6291+1049457]
	GetHandleVerifier [0x00FF10D7+1094071]
	GetHandleVerifier [0x00FE6B46+1051686]
	Ordinal0 [0x00DD5B06+1727238]
	Ordinal0 [0x00DDEB7B+1764219]
	Ordinal0 [0x00DDECE3+1764579]
	Ordinal0 [0x00DF4C05+1854469]
	BaseThreadInitThunk [0x76286359+25]
	RtlGetAppContainerNamedObjectPath [0x776B7C24+228]
	RtlGetAppContainerNamedObjectPath [0x776B7BF4+180]

	at java.base/jdk.internal.reflect.NativeConstructorAccessorImpl.newInstance0(Native Method)
	at java.base/jdk.internal.reflect.NativeConstructorAccessorImpl.newInstance(NativeConstructorAccessorImpl.java:64)
	at java.base/jdk.internal.reflect.DelegatingConstructorAccessorImpl.newInstance(DelegatingConstructorAccessorImpl.java:45)
	at java.base/java.lang.reflect.Constructor.newInstanceWithCaller(Constructor.java:500)
	at java.base/java.lang.reflect.Constructor.newInstance(Constructor.java:481)
	at org.openqa.selenium.remote.W3CHandshakeResponse.lambda$errorHandler$0(W3CHandshakeResponse.java:62)
	at org.openqa.selenium.remote.HandshakeResponse.lambda$getResponseFunction$0(HandshakeResponse.java:30)
	at org.openqa.selenium.remote.ProtocolHandshake.lambda$createSession$0(ProtocolHandshake.java:126)
	at java.base/java.util.stream.ReferencePipeline$3$1.accept(ReferencePipeline.java:195)
	at java.base/java.util.Spliterators$ArraySpliterator.tryAdvance(Spliterators.java:958)
	at java.base/java.util.stream.ReferencePipeline.forEachWithCancel(ReferencePipeline.java:127)
	at java.base/java.util.stream.AbstractPipeline.copyIntoWithCancel(AbstractPipeline.java:502)
	at java.base/java.util.stream.AbstractPipeline.copyInto(AbstractPipeline.java:488)
	at java.base/java.util.stream.AbstractPipeline.wrapAndCopyInto(AbstractPipeline.java:474)
	at java.base/java.util.stream.FindOps$FindOp.evaluateSequential(FindOps.java:150)
	at java.base/java.util.stream.AbstractPipeline.evaluate(AbstractPipeline.java:234)
	at java.base/java.util.stream.ReferencePipeline.findFirst(ReferencePipeline.java:543)
	at org.openqa.selenium.remote.ProtocolHandshake.createSession(ProtocolHandshake.java:128)
	at org.openqa.selenium.remote.ProtocolHandshake.createSession(ProtocolHandshake.java:74)
	at org.openqa.selenium.remote.HttpCommandExecutor.execute(HttpCommandExecutor.java:136)
	at org.openqa.selenium.remote.service.DriverCommandExecutor.execute(DriverCommandExecutor.java:83)
	at org.openqa.selenium.remote.RemoteWebDriver.execute(RemoteWebDriver.java:552)
	at org.openqa.selenium.remote.RemoteWebDriver.startSession(RemoteWebDriver.java:213)
	at org.openqa.selenium.remote.RemoteWebDriver.<init>(RemoteWebDriver.java:131)
	at org.openqa.selenium.chrome.ChromeDriver.<init>(ChromeDriver.java:181)
	at org.openqa.selenium.chrome.ChromeDriver.<init>(ChromeDriver.java:168)
	at org.openqa.selenium.chrome.ChromeDriver.<init>(ChromeDriver.java:157)
	at resources.base.initializeDriver(base.java:42)
	at Academy.validateNavigationBar.initialize(validateNavigationBar.java:32)
	at java.base/jdk.internal.reflect.NativeMethodAccessorImpl.invoke0(Native Method)
	at java.base/jdk.internal.reflect.NativeMethodAccessorImpl.invoke(NativeMethodAccessorImpl.java:64)
	at java.base/jdk.internal.reflect.DelegatingMethodAccessorImpl.invoke(DelegatingMethodAccessorImpl.java:43)
	at java.base/java.lang.reflect.Method.invoke(Method.java:564)
	at org.testng.internal.MethodInvocationHelper.invokeMethod(MethodInvocationHelper.java:80)
	at org.testng.internal.Invoker.invokeConfigurationMethod(Invoker.java:564)
	at org.testng.internal.Invoker.invokeConfigurations(Invoker.java:213)
	at org.testng.internal.Invoker.invokeConfigurations(Invoker.java:138)
	at org.testng.TestRunner.beforeRun(TestRunner.java:641)
	at org.testng.TestRunner.run(TestRunner.java:609)
	at org.testng.SuiteRunner.runTest(SuiteRunner.java:334)
	at org.testng.SuiteRunner.access$000(SuiteRunner.java:37)
	at org.testng.SuiteRunner$SuiteWorker.run(SuiteRunner.java:368)
	at org.testng.internal.thread.ThreadUtil$2.call(ThreadUtil.java:64)
	at java.base/java.util.concurrent.FutureTask.run(FutureTask.java:264)
	at java.base/java.util.concurrent.ThreadPoolExecutor.runWorker(ThreadPoolExecutor.java:1130)
	at java.base/java.util.concurrent.ThreadPoolExecutor$Worker.run(ThreadPoolExecutor.java:630)
	at java.base/java.lang.Thread.run(Thread.java:832)
]]>
    </failure>
  </testcase> <!-- validateAppTitle -->
</testsuite> <!-- Academy.validateTitle -->
